/*C8*/SET SCHEMA PUBLIC
alter table execution drop constraint UK_lyajh8vurol2rfuk9e6ju2lu3
alter table execution add constraint UK_lyajh8vurol2rfuk9e6ju2lu3  unique (algorithm, begin)
/*C11*/SET SCHEMA PUBLIC
INSERT INTO ALGORITHM VALUES(2,'aced0005737200116a6176612e7574696c2e48617368536574ba44859596b8b7340300007870770c000000043f400000000000027e72002c64652e6d6574616e6f6d652e6261636b656e642e726573756c74735f64622e416c676f726974686d5479706500000000000000001200007872000e6a6176612e6c616e672e456e756d0000000000000000120000787074001052454c4154494f4e414c5f494e5055547e71007e0002740002444378','Eduardo Pena, Eduardo Cunha Felix Naumann',FALSE,FALSE,FALSE,FALSE,FALSE,TRUE,'An (approximate/exact) DC discovery method.',FALSE,FALSE,'dcfinder-1.2-SNAPSHOT.jar',FALSE,FALSE,FALSE,'DCFinder',FALSE,TRUE,FALSE,FALSE)
COMMIT
/*C10*/SET SCHEMA PUBLIC
INSERT INTO EXECUTIONSETTING VALUES(29,TRUE,FALSE,'dcfinder-1.2-SNAPSHOT.jar2024-10-24T211552',FALSE)
INSERT INTO EXECUTIONSETTING_INPUTSJSON VALUES(29,'{"type":"fileInput","id":31,"name":"/home/alexandre/bcc/tcc/deployment-1.2-SNAPSHOT-package_with_tomcat/backend/WEB-INF/classes/inputData/ncvoter_1001r_19c.csv","fileName":"/home/alexandre/bcc/tcc/deployment-1.2-SNAPSHOT-package_with_tomcat/backend/WEB-INF/classes/inputData/ncvoter_1001r_19c.csv","separator":",","quoteChar":"''","escapeChar":"\\","skipLines":0,"strictQuotes":false,"ignoreLeadingWhiteSpace":false,"hasHeader":true,"skipDifferingLines":true,"comment":"","nullValue":""}')
INSERT INTO EXECUTIONSETTING_PARAMETERVALUESJSON VALUES(29,'{"type":"configurationValueString","identifier":"APPROXIMATION_DEGREE","values":["0.01"]}')
INSERT INTO EXECUTIONSETTING_PARAMETERVALUESJSON VALUES(29,'{"type":"configurationValueString","identifier":"CROSS_COLUMN_STRING_MIN_OVERLAP","values":["0.3"]}')
INSERT INTO EXECUTIONSETTING_PARAMETERVALUESJSON VALUES(29,'{"type":"configurationValueRelationalInputGenerator","identifier":"INPUT","values":[{"type":"defaultFileInputGenerator","inputFile":"/home/alexandre/bcc/tcc/deployment-1.2-SNAPSHOT-package_with_tomcat/backend/WEB-INF/classes/inputData/ncvoter_1001r_19c.csv","setting":{"type":"ConfigurationSettingFileInput","id":31,"type":"ConfigurationSettingFileInput","fileName":"/home/alexandre/bcc/tcc/deployment-1.2-SNAPSHOT-package_with_tomcat/backend/WEB-INF/classes/inputData/ncvoter_1001r_19c.csv","advanced":false,"separatorChar":",","quoteChar":"''","escapeChar":"\\","strictQuotes":false,"ignoreLeadingWhiteSpace":false,"skipLines":0,"header":true,"skipDifferingLines":true,"nullValue":""}}]}')
INSERT INTO EXECUTIONSETTING_PARAMETERVALUESJSON VALUES(29,'{"type":"configurationValueInteger","identifier":"CHUNK_LENGTH","values":[50000000]}')
INSERT INTO EXECUTIONSETTING_PARAMETERVALUESJSON VALUES(29,'{"type":"configurationValueInteger","identifier":"BUFFER_LENGTH","values":[5000]}')
INSERT INTO EXECUTIONSETTING_PARAMETERVALUESJSON VALUES(29,'{"type":"configurationValueBoolean","identifier":"NO_CROSS_COLUMN","values":[true]}')
COMMIT
/*C14*/SET SCHEMA PUBLIC
alter table execution drop constraint UK_lyajh8vurol2rfuk9e6ju2lu3
alter table execution add constraint UK_lyajh8vurol2rfuk9e6ju2lu3  unique (algorithm, begin)
INSERT INTO EXECUTION VALUES(28,FALSE,1729815353577,NULL,NULL,NULL,0,NULL,'dcfinder-1.2-SNAPSHOT.jar2024-10-24T211552',TRUE,2,29)
DELETE FROM EXECUTIONSETTING WHERE ID=29
INSERT INTO EXECUTIONSETTING VALUES(29,TRUE,FALSE,'dcfinder-1.2-SNAPSHOT.jar2024-10-24T211552',FALSE)
INSERT INTO EXECUTION_INPUT VALUES(28,31)
COMMIT
INSERT INTO RESULT VALUES(21,'results/dcfinder-1.2-SNAPSHOT.jar2024-10-24T211552_dcs',9,'Denial Constraint',28)
DELETE FROM EXECUTION WHERE ID=28
INSERT INTO EXECUTION VALUES(28,FALSE,1729815353577,NULL,FALSE,NULL,1729815353879,NULL,'dcfinder-1.2-SNAPSHOT.jar2024-10-24T211552',FALSE,2,29)
DELETE FROM EXECUTIONSETTING WHERE ID=29
INSERT INTO EXECUTIONSETTING VALUES(29,TRUE,FALSE,'dcfinder-1.2-SNAPSHOT.jar2024-10-24T211552',FALSE)
COMMIT
DISCONNECT
/*C10*/INSERT INTO EXECUTIONSETTING VALUES(30,TRUE,FALSE,'dcfinder-1.2-SNAPSHOT.jar2024-10-24T212017',FALSE)
INSERT INTO EXECUTIONSETTING_INPUTSJSON VALUES(30,'{"type":"fileInput","id":31,"name":"/home/alexandre/bcc/tcc/deployment-1.2-SNAPSHOT-package_with_tomcat/backend/WEB-INF/classes/inputData/ncvoter_1001r_19c.csv","fileName":"/home/alexandre/bcc/tcc/deployment-1.2-SNAPSHOT-package_with_tomcat/backend/WEB-INF/classes/inputData/ncvoter_1001r_19c.csv","separator":",","quoteChar":"''","escapeChar":"\\","skipLines":0,"strictQuotes":false,"ignoreLeadingWhiteSpace":false,"hasHeader":true,"skipDifferingLines":true,"comment":"","nullValue":""}')
INSERT INTO EXECUTIONSETTING_PARAMETERVALUESJSON VALUES(30,'{"type":"configurationValueString","identifier":"APPROXIMATION_DEGREE","values":["0.00"]}')
INSERT INTO EXECUTIONSETTING_PARAMETERVALUESJSON VALUES(30,'{"type":"configurationValueString","identifier":"CROSS_COLUMN_STRING_MIN_OVERLAP","values":["0.3"]}')
INSERT INTO EXECUTIONSETTING_PARAMETERVALUESJSON VALUES(30,'{"type":"configurationValueRelationalInputGenerator","identifier":"INPUT","values":[{"type":"defaultFileInputGenerator","inputFile":"/home/alexandre/bcc/tcc/deployment-1.2-SNAPSHOT-package_with_tomcat/backend/WEB-INF/classes/inputData/ncvoter_1001r_19c.csv","setting":{"type":"ConfigurationSettingFileInput","id":31,"type":"ConfigurationSettingFileInput","fileName":"/home/alexandre/bcc/tcc/deployment-1.2-SNAPSHOT-package_with_tomcat/backend/WEB-INF/classes/inputData/ncvoter_1001r_19c.csv","advanced":false,"separatorChar":",","quoteChar":"''","escapeChar":"\\","strictQuotes":false,"ignoreLeadingWhiteSpace":false,"skipLines":0,"header":true,"skipDifferingLines":true,"nullValue":""}}]}')
INSERT INTO EXECUTIONSETTING_PARAMETERVALUESJSON VALUES(30,'{"type":"configurationValueInteger","identifier":"CHUNK_LENGTH","values":[50000000]}')
INSERT INTO EXECUTIONSETTING_PARAMETERVALUESJSON VALUES(30,'{"type":"configurationValueInteger","identifier":"BUFFER_LENGTH","values":[5000]}')
INSERT INTO EXECUTIONSETTING_PARAMETERVALUESJSON VALUES(30,'{"type":"configurationValueBoolean","identifier":"NO_CROSS_COLUMN","values":[true]}')
COMMIT
/*C15*/SET SCHEMA PUBLIC
alter table execution drop constraint UK_lyajh8vurol2rfuk9e6ju2lu3
alter table execution add constraint UK_lyajh8vurol2rfuk9e6ju2lu3  unique (algorithm, begin)
INSERT INTO EXECUTION VALUES(29,FALSE,1729815618431,NULL,NULL,NULL,0,NULL,'dcfinder-1.2-SNAPSHOT.jar2024-10-24T212017',TRUE,2,30)
DELETE FROM EXECUTIONSETTING WHERE ID=30
INSERT INTO EXECUTIONSETTING VALUES(30,TRUE,FALSE,'dcfinder-1.2-SNAPSHOT.jar2024-10-24T212017',FALSE)
INSERT INTO EXECUTION_INPUT VALUES(29,31)
COMMIT
INSERT INTO RESULT VALUES(22,'results/dcfinder-1.2-SNAPSHOT.jar2024-10-24T212017_dcs',9,'Denial Constraint',29)
DELETE FROM EXECUTION WHERE ID=29
INSERT INTO EXECUTION VALUES(29,FALSE,1729815618431,NULL,FALSE,NULL,1729815619068,NULL,'dcfinder-1.2-SNAPSHOT.jar2024-10-24T212017',FALSE,2,30)
DELETE FROM EXECUTIONSETTING WHERE ID=30
INSERT INTO EXECUTIONSETTING VALUES(30,TRUE,FALSE,'dcfinder-1.2-SNAPSHOT.jar2024-10-24T212017',FALSE)
COMMIT
DISCONNECT
/*C8*/DISCONNECT
/*C9*/SET SCHEMA PUBLIC
DISCONNECT
/*C10*/DISCONNECT
/*C13*/SET SCHEMA PUBLIC
DISCONNECT
/*C11*/DISCONNECT
/*C12*/SET SCHEMA PUBLIC
DISCONNECT
