/*C1*/SET SCHEMA SYSTEM_LOBS
INSERT INTO BLOCKS VALUES(0,2147483647,0)
COMMIT
/*C2*/SET SCHEMA PUBLIC
create table Algorithm (id bigint generated by default as identity (start with 1), algorithmTypes varbinary(255), author varchar(255), basicStat boolean not null, cfd boolean not null, cid boolean not null, cucc boolean not null, dbConnection boolean not null, dc boolean not null, description varchar(255), fd boolean not null, fileInput boolean not null, fileName varchar(255), ind boolean not null, md boolean not null, mvd boolean not null, name varchar(255), od boolean not null, relationalInput boolean not null, tableInput boolean not null, ucc boolean not null, primary key (id))
create table DatabaseConnection (comment varchar(255), password varchar(255), system integer, url varchar(255), username varchar(255), id bigint not null, primary key (id))
create table ExecutionSetting (id bigint generated by default as identity (start with 1), cacheResults boolean, countResults boolean, executionIdentifier varchar(255), writeResults boolean, primary key (id))
create table ExecutionSetting_inputsJson (ExecutionSetting_id bigint not null, inputsJson LONGVARCHAR)
create table ExecutionSetting_parameterValuesJson (ExecutionSetting_id bigint not null, parameterValuesJson LONGVARCHAR)
create table FileInput (comment varchar(255), escapeChar varchar(255), fileName varchar(255), hasHeader boolean not null, ignoreLeadingWhiteSpace boolean not null, nullValue varchar(255), quoteChar varchar(255), separator varchar(255), skipDifferingLines boolean not null, skipLines integer, strictQuotes boolean not null, id bigint not null, primary key (id))
create table Input (id bigint generated by default as identity (start with 1), name varchar(255), primary key (id))
create table Result (id bigint generated by default as identity (start with 1), fileName varchar(255), type integer, typeName varchar(255), execution bigint, primary key (id))
create table TableInput (comment varchar(255), tableName varchar(255), id bigint not null, databaseConnection_id bigint, primary key (id))
create table execution (id bigint generated by default as identity (start with 1), aborted boolean not null, begin bigint, config varchar(255), countResult boolean, description varchar(255), end bigint not null, hardwareDescription varchar(255), identifier varchar(255), running boolean not null, algorithm bigint, executionSetting_id bigint, primary key (id))
create table execution_input (execution_id bigint not null, input_id bigint not null)
alter table Algorithm add constraint UK_569kftvewgcab01wgjpfgojdv  unique (fileName)
alter table Algorithm add constraint UK_aytfnk91oru8fe0qq8kiceffg  unique (name)
alter table Result add constraint UK_cun94hp0dqdc1m4o0re15ljih  unique (fileName)
alter table execution add constraint UK_lyajh8vurol2rfuk9e6ju2lu3  unique (algorithm, begin)
alter table DatabaseConnection add constraint FK_c3886yy6fgfysr4lhfd049q7 foreign key (id) references Input
alter table ExecutionSetting_inputsJson add constraint FK_2jjsmj6w68hf1th5gcdpdoixq foreign key (ExecutionSetting_id) references ExecutionSetting
alter table ExecutionSetting_parameterValuesJson add constraint FK_sgwas15awxi8m2so34qh45yhw foreign key (ExecutionSetting_id) references ExecutionSetting
alter table FileInput add constraint FK_r7dd5mlmpacluhmg2050n9x88 foreign key (id) references Input
alter table Result add constraint FK_9srug8reowme7dbe5xse9k9q foreign key (execution) references execution on delete cascade
alter table TableInput add constraint FK_knq76t2mnpo99w7ifewiaib7a foreign key (databaseConnection_id) references DatabaseConnection
alter table TableInput add constraint FK_l9uht1hr2nslclauqadr7cgcf foreign key (id) references Input
alter table execution add constraint FK_tik76n6oa3ovojl2bajdo44b1 foreign key (algorithm) references Algorithm on delete cascade
alter table execution add constraint FK_tqkiebm64n9ni7qmh0lmru4kl foreign key (executionSetting_id) references ExecutionSetting on delete cascade
alter table execution_input add constraint FK_656lbnm59ccwj7ydjohkfg6kc foreign key (input_id) references Input
alter table execution_input add constraint FK_2g39e7e458tfo8s9t6wwcv2ce foreign key (execution_id) references execution
INSERT INTO INPUT VALUES(1,'/home/lewis/Projects/metanome/backend/WEB-INF/classes/inputData/WDC_kepler.csv')
INSERT INTO FILEINPUT VALUES(NULL,'\','/home/lewis/Projects/metanome/backend/WEB-INF/classes/inputData/WDC_kepler.csv',TRUE,TRUE,'','"',',',FALSE,0,FALSE,1)
COMMIT
INSERT INTO INPUT VALUES(2,'/home/lewis/Projects/metanome/backend/WEB-INF/classes/inputData/WDC_science.csv')
INSERT INTO FILEINPUT VALUES(NULL,'\','/home/lewis/Projects/metanome/backend/WEB-INF/classes/inputData/WDC_science.csv',TRUE,TRUE,'','"',',',FALSE,0,FALSE,2)
COMMIT
INSERT INTO INPUT VALUES(3,'/home/lewis/Projects/metanome/backend/WEB-INF/classes/inputData/WDC_satellites.csv')
INSERT INTO FILEINPUT VALUES(NULL,'\','/home/lewis/Projects/metanome/backend/WEB-INF/classes/inputData/WDC_satellites.csv',TRUE,TRUE,'','"',',',FALSE,0,FALSE,3)
COMMIT
INSERT INTO INPUT VALUES(4,'/home/lewis/Projects/metanome/backend/WEB-INF/classes/inputData/WDC_appearances.csv')
INSERT INTO FILEINPUT VALUES(NULL,'\','/home/lewis/Projects/metanome/backend/WEB-INF/classes/inputData/WDC_appearances.csv',TRUE,TRUE,'','"',',',FALSE,0,FALSE,4)
COMMIT
INSERT INTO INPUT VALUES(5,'/home/lewis/Projects/metanome/backend/WEB-INF/classes/inputData/WDC_game.csv')
INSERT INTO FILEINPUT VALUES(NULL,'\','/home/lewis/Projects/metanome/backend/WEB-INF/classes/inputData/WDC_game.csv',TRUE,TRUE,'','"',',',FALSE,0,FALSE,5)
COMMIT
INSERT INTO INPUT VALUES(6,'/home/lewis/Projects/metanome/backend/WEB-INF/classes/inputData/multiple_files/WDC_age.csv')
INSERT INTO FILEINPUT VALUES(NULL,'\','/home/lewis/Projects/metanome/backend/WEB-INF/classes/inputData/multiple_files/WDC_age.csv',TRUE,TRUE,'','"',',',FALSE,0,FALSE,6)
COMMIT
INSERT INTO INPUT VALUES(7,'/home/lewis/Projects/metanome/backend/WEB-INF/classes/inputData/multiple_files/nested/WDC_game.csv')
INSERT INTO FILEINPUT VALUES(NULL,'\','/home/lewis/Projects/metanome/backend/WEB-INF/classes/inputData/multiple_files/nested/WDC_game.csv',TRUE,TRUE,'','"',',',FALSE,0,FALSE,7)
COMMIT
INSERT INTO INPUT VALUES(8,'/home/lewis/Projects/metanome/backend/WEB-INF/classes/inputData/multiple_files/nested/WDC_astronomical.csv')
INSERT INTO FILEINPUT VALUES(NULL,'\','/home/lewis/Projects/metanome/backend/WEB-INF/classes/inputData/multiple_files/nested/WDC_astronomical.csv',TRUE,TRUE,'','"',',',FALSE,0,FALSE,8)
COMMIT
INSERT INTO INPUT VALUES(9,'/home/lewis/Projects/metanome/backend/WEB-INF/classes/inputData/multiple_files/WDC_symbols.csv')
INSERT INTO FILEINPUT VALUES(NULL,'\','/home/lewis/Projects/metanome/backend/WEB-INF/classes/inputData/multiple_files/WDC_symbols.csv',TRUE,TRUE,'','"',',',FALSE,0,FALSE,9)
COMMIT
INSERT INTO INPUT VALUES(10,'/home/lewis/Projects/metanome/backend/WEB-INF/classes/inputData/WDC_planets.csv')
INSERT INTO FILEINPUT VALUES(NULL,'\','/home/lewis/Projects/metanome/backend/WEB-INF/classes/inputData/WDC_planets.csv',TRUE,TRUE,'','"',',',FALSE,0,FALSE,10)
COMMIT
INSERT INTO INPUT VALUES(11,'/home/lewis/Projects/metanome/backend/WEB-INF/classes/inputData/WDC_planetz.csv')
INSERT INTO FILEINPUT VALUES(NULL,'\','/home/lewis/Projects/metanome/backend/WEB-INF/classes/inputData/WDC_planetz.csv',TRUE,TRUE,'','"',',',FALSE,0,FALSE,11)
COMMIT
INSERT INTO INPUT VALUES(12,'/home/lewis/Projects/metanome/backend/WEB-INF/classes/inputData/WDC_age.csv')
INSERT INTO FILEINPUT VALUES(NULL,'\','/home/lewis/Projects/metanome/backend/WEB-INF/classes/inputData/WDC_age.csv',TRUE,TRUE,'','"',',',FALSE,0,FALSE,12)
COMMIT
INSERT INTO INPUT VALUES(13,'/home/lewis/Projects/metanome/backend/WEB-INF/classes/inputData/WDC_astronomical.csv')
INSERT INTO FILEINPUT VALUES(NULL,'\','/home/lewis/Projects/metanome/backend/WEB-INF/classes/inputData/WDC_astronomical.csv',TRUE,TRUE,'','"',',',FALSE,0,FALSE,13)
COMMIT
INSERT INTO INPUT VALUES(14,'/home/lewis/Projects/metanome/backend/WEB-INF/classes/inputData/WDC_astrology.csv')
INSERT INTO FILEINPUT VALUES(NULL,'\','/home/lewis/Projects/metanome/backend/WEB-INF/classes/inputData/WDC_astrology.csv',TRUE,TRUE,'','"',',',FALSE,0,FALSE,14)
COMMIT
INSERT INTO INPUT VALUES(15,'/home/lewis/Projects/metanome/backend/WEB-INF/classes/inputData/WDC_symbols.csv')
INSERT INTO FILEINPUT VALUES(NULL,'\','/home/lewis/Projects/metanome/backend/WEB-INF/classes/inputData/WDC_symbols.csv',TRUE,TRUE,'','"',',',FALSE,0,FALSE,15)
COMMIT
/*C6*/SET SCHEMA PUBLIC
INSERT INTO ALGORITHM VALUES(1,'aced0005737200116a6176612e7574696c2e48617368536574ba44859596b8b7340300007870770c000000043f400000000000027e72002c64652e6d6574616e6f6d652e6261636b656e642e726573756c74735f64622e416c676f726974686d5479706500000000000000001200007872000e6a6176612e6c616e672e456e756d0000000000000000120000787074000a46494c455f494e5055547e71007e0002740002464478','Patrick Schulze',FALSE,FALSE,FALSE,FALSE,FALSE,FALSE,'Random Walk-based FD discovery',TRUE,TRUE,'DFD-1.2-SNAPSHOT.jar',FALSE,FALSE,FALSE,'DFD',FALSE,FALSE,FALSE,FALSE)
COMMIT
/*C2*/INSERT INTO EXECUTIONSETTING VALUES(1,TRUE,FALSE,'DFD-1.2-SNAPSHOT.jar2025-03-06T133819',FALSE)
INSERT INTO EXECUTIONSETTING_INPUTSJSON VALUES(1,'{"type":"fileInput","id":8,"name":"/home/lewis/Projects/metanome/backend/WEB-INF/classes/inputData/multiple_files/nested/WDC_astronomical.csv","fileName":"/home/lewis/Projects/metanome/backend/WEB-INF/classes/inputData/multiple_files/nested/WDC_astronomical.csv","separator":",","quoteChar":"\"","escapeChar":"\\","skipLines":0,"strictQuotes":false,"ignoreLeadingWhiteSpace":true,"hasHeader":true,"skipDifferingLines":false,"comment":null,"nullValue":""}')
INSERT INTO EXECUTIONSETTING_PARAMETERVALUESJSON VALUES(1,'{"type":"configurationValueFileInputGenerator","identifier":"INPUT_FILE","values":[{"type":"defaultFileInputGenerator","inputFile":"/home/lewis/Projects/metanome/backend/WEB-INF/classes/inputData/multiple_files/nested/WDC_astronomical.csv","setting":{"type":"ConfigurationSettingFileInput","id":8,"type":"ConfigurationSettingFileInput","fileName":"/home/lewis/Projects/metanome/backend/WEB-INF/classes/inputData/multiple_files/nested/WDC_astronomical.csv","advanced":false,"separatorChar":",","quoteChar":"\"","escapeChar":"\\","strictQuotes":false,"ignoreLeadingWhiteSpace":true,"skipLines":0,"header":true,"skipDifferingLines":false,"nullValue":""}}]}')
COMMIT
/*C8*/SET SCHEMA PUBLIC
alter table execution drop constraint UK_lyajh8vurol2rfuk9e6ju2lu3
alter table execution add constraint UK_lyajh8vurol2rfuk9e6ju2lu3  unique (algorithm, begin)
INSERT INTO EXECUTION VALUES(1,FALSE,1741279102315,NULL,NULL,NULL,0,NULL,'DFD-1.2-SNAPSHOT.jar2025-03-06T133819',TRUE,1,1)
DELETE FROM EXECUTIONSETTING WHERE ID=1
INSERT INTO EXECUTIONSETTING VALUES(1,TRUE,FALSE,'DFD-1.2-SNAPSHOT.jar2025-03-06T133819',FALSE)
INSERT INTO EXECUTION_INPUT VALUES(1,8)
COMMIT
DELETE FROM EXECUTION WHERE ID=1
INSERT INTO EXECUTION VALUES(1,TRUE,1741279102315,NULL,NULL,NULL,0,NULL,'DFD-1.2-SNAPSHOT.jar2025-03-06T133819',FALSE,1,1)
DELETE FROM EXECUTIONSETTING WHERE ID=1
INSERT INTO EXECUTIONSETTING VALUES(1,TRUE,FALSE,'DFD-1.2-SNAPSHOT.jar2025-03-06T133819',FALSE)
COMMIT
DISCONNECT
/*C4*/SET SCHEMA PUBLIC
INSERT INTO INPUT VALUES(16,'/home/lewis/Projects/metanome/backend/WEB-INF/classes/inputData/nyc.csv')
INSERT INTO FILEINPUT VALUES('','\','/home/lewis/Projects/metanome/backend/WEB-INF/classes/inputData/nyc.csv',TRUE,TRUE,'','''',',',FALSE,0,FALSE,16)
COMMIT
/*C5*/SET SCHEMA PUBLIC
DELETE FROM FILEINPUT WHERE ID=16
DELETE FROM INPUT WHERE ID=16
COMMIT
/*C2*/INSERT INTO INPUT VALUES(17,'/home/lewis/Projects/metanome/backend/WEB-INF/classes/inputData/nyc.csv')
INSERT INTO FILEINPUT VALUES('','\','/home/lewis/Projects/metanome/backend/WEB-INF/classes/inputData/nyc.csv',TRUE,TRUE,'','''',',',FALSE,0,FALSE,17)
COMMIT
/*C5*/DELETE FROM FILEINPUT WHERE ID=9
DELETE FROM INPUT WHERE ID=9
COMMIT
/*C6*/DELETE FROM FILEINPUT WHERE ID=6
DELETE FROM INPUT WHERE ID=6
COMMIT
/*C7*/SET SCHEMA PUBLIC
INSERT INTO EXECUTIONSETTING VALUES(2,TRUE,FALSE,'DFD-1.2-SNAPSHOT.jar2025-03-06T134256',FALSE)
INSERT INTO EXECUTIONSETTING_INPUTSJSON VALUES(2,'{"type":"fileInput","id":17,"name":"/home/lewis/Projects/metanome/backend/WEB-INF/classes/inputData/nyc.csv","fileName":"/home/lewis/Projects/metanome/backend/WEB-INF/classes/inputData/nyc.csv","separator":",","quoteChar":"''","escapeChar":"\\","skipLines":0,"strictQuotes":false,"ignoreLeadingWhiteSpace":true,"hasHeader":true,"skipDifferingLines":false,"comment":"","nullValue":""}')
INSERT INTO EXECUTIONSETTING_PARAMETERVALUESJSON VALUES(2,'{"type":"configurationValueFileInputGenerator","identifier":"INPUT_FILE","values":[{"type":"defaultFileInputGenerator","inputFile":"/home/lewis/Projects/metanome/backend/WEB-INF/classes/inputData/nyc.csv","setting":{"type":"ConfigurationSettingFileInput","id":17,"type":"ConfigurationSettingFileInput","fileName":"/home/lewis/Projects/metanome/backend/WEB-INF/classes/inputData/nyc.csv","advanced":false,"separatorChar":",","quoteChar":"''","escapeChar":"\\","strictQuotes":false,"ignoreLeadingWhiteSpace":true,"skipLines":0,"header":true,"skipDifferingLines":false,"nullValue":""}}]}')
COMMIT
/*C9*/SET SCHEMA PUBLIC
alter table execution drop constraint UK_lyajh8vurol2rfuk9e6ju2lu3
alter table execution add constraint UK_lyajh8vurol2rfuk9e6ju2lu3  unique (algorithm, begin)
INSERT INTO EXECUTION VALUES(2,FALSE,1741279379361,NULL,NULL,NULL,0,NULL,'DFD-1.2-SNAPSHOT.jar2025-03-06T134256',TRUE,1,2)
DELETE FROM EXECUTIONSETTING WHERE ID=2
INSERT INTO EXECUTIONSETTING VALUES(2,TRUE,FALSE,'DFD-1.2-SNAPSHOT.jar2025-03-06T134256',FALSE)
INSERT INTO EXECUTION_INPUT VALUES(2,17)
COMMIT
DELETE FROM EXECUTION WHERE ID=2
INSERT INTO EXECUTION VALUES(2,TRUE,1741279379361,NULL,NULL,NULL,0,NULL,'DFD-1.2-SNAPSHOT.jar2025-03-06T134256',FALSE,1,2)
DELETE FROM EXECUTIONSETTING WHERE ID=2
INSERT INTO EXECUTIONSETTING VALUES(2,TRUE,FALSE,'DFD-1.2-SNAPSHOT.jar2025-03-06T134256',FALSE)
COMMIT
DISCONNECT
/*C7*/INSERT INTO EXECUTIONSETTING VALUES(3,TRUE,FALSE,'DFD-1.2-SNAPSHOT.jar2025-03-06T134318',FALSE)
INSERT INTO EXECUTIONSETTING_INPUTSJSON VALUES(3,'{"type":"fileInput","id":17,"name":"/home/lewis/Projects/metanome/backend/WEB-INF/classes/inputData/nyc.csv","fileName":"/home/lewis/Projects/metanome/backend/WEB-INF/classes/inputData/nyc.csv","separator":",","quoteChar":"''","escapeChar":"\\","skipLines":0,"strictQuotes":false,"ignoreLeadingWhiteSpace":true,"hasHeader":true,"skipDifferingLines":false,"comment":"","nullValue":""}')
INSERT INTO EXECUTIONSETTING_PARAMETERVALUESJSON VALUES(3,'{"type":"configurationValueFileInputGenerator","identifier":"INPUT_FILE","values":[{"type":"defaultFileInputGenerator","inputFile":"/home/lewis/Projects/metanome/backend/WEB-INF/classes/inputData/nyc.csv","setting":{"type":"ConfigurationSettingFileInput","id":17,"type":"ConfigurationSettingFileInput","fileName":"/home/lewis/Projects/metanome/backend/WEB-INF/classes/inputData/nyc.csv","advanced":false,"separatorChar":",","quoteChar":"''","escapeChar":"\\","strictQuotes":false,"ignoreLeadingWhiteSpace":true,"skipLines":0,"header":true,"skipDifferingLines":false,"nullValue":""}}]}')
COMMIT
/*C10*/SET SCHEMA PUBLIC
alter table execution drop constraint UK_lyajh8vurol2rfuk9e6ju2lu3
alter table execution add constraint UK_lyajh8vurol2rfuk9e6ju2lu3  unique (algorithm, begin)
INSERT INTO EXECUTION VALUES(3,FALSE,1741279401104,NULL,NULL,NULL,0,NULL,'DFD-1.2-SNAPSHOT.jar2025-03-06T134318',TRUE,1,3)
DELETE FROM EXECUTIONSETTING WHERE ID=3
INSERT INTO EXECUTIONSETTING VALUES(3,TRUE,FALSE,'DFD-1.2-SNAPSHOT.jar2025-03-06T134318',FALSE)
INSERT INTO EXECUTION_INPUT VALUES(3,17)
COMMIT
DELETE FROM EXECUTION WHERE ID=3
INSERT INTO EXECUTION VALUES(3,TRUE,1741279401104,NULL,NULL,NULL,0,NULL,'DFD-1.2-SNAPSHOT.jar2025-03-06T134318',FALSE,1,3)
DELETE FROM EXECUTIONSETTING WHERE ID=3
INSERT INTO EXECUTIONSETTING VALUES(3,TRUE,FALSE,'DFD-1.2-SNAPSHOT.jar2025-03-06T134318',FALSE)
COMMIT
DISCONNECT
/*C3*/SET SCHEMA PUBLIC
DELETE FROM EXECUTION_INPUT WHERE EXECUTION_ID=3 AND INPUT_ID=17
DELETE FROM EXECUTIONSETTING_INPUTSJSON WHERE EXECUTIONSETTING_ID=3 AND INPUTSJSON='{"type":"fileInput","id":17,"name":"/home/lewis/Projects/metanome/backend/WEB-INF/classes/inputData/nyc.csv","fileName":"/home/lewis/Projects/metanome/backend/WEB-INF/classes/inputData/nyc.csv","separator":",","quoteChar":"''","escapeChar":"\\","skipLines":0,"strictQuotes":false,"ignoreLeadingWhiteSpace":true,"hasHeader":true,"skipDifferingLines":false,"comment":"","nullValue":""}'
DELETE FROM EXECUTIONSETTING_PARAMETERVALUESJSON WHERE EXECUTIONSETTING_ID=3 AND PARAMETERVALUESJSON='{"type":"configurationValueFileInputGenerator","identifier":"INPUT_FILE","values":[{"type":"defaultFileInputGenerator","inputFile":"/home/lewis/Projects/metanome/backend/WEB-INF/classes/inputData/nyc.csv","setting":{"type":"ConfigurationSettingFileInput","id":17,"type":"ConfigurationSettingFileInput","fileName":"/home/lewis/Projects/metanome/backend/WEB-INF/classes/inputData/nyc.csv","advanced":false,"separatorChar":",","quoteChar":"''","escapeChar":"\\","strictQuotes":false,"ignoreLeadingWhiteSpace":true,"skipLines":0,"header":true,"skipDifferingLines":false,"nullValue":""}}]}'
DELETE FROM EXECUTION WHERE ID=3
DELETE FROM EXECUTIONSETTING WHERE ID=3
COMMIT
/*C4*/DELETE FROM EXECUTION_INPUT WHERE EXECUTION_ID=2 AND INPUT_ID=17
DELETE FROM EXECUTIONSETTING_INPUTSJSON WHERE EXECUTIONSETTING_ID=2 AND INPUTSJSON='{"type":"fileInput","id":17,"name":"/home/lewis/Projects/metanome/backend/WEB-INF/classes/inputData/nyc.csv","fileName":"/home/lewis/Projects/metanome/backend/WEB-INF/classes/inputData/nyc.csv","separator":",","quoteChar":"''","escapeChar":"\\","skipLines":0,"strictQuotes":false,"ignoreLeadingWhiteSpace":true,"hasHeader":true,"skipDifferingLines":false,"comment":"","nullValue":""}'
DELETE FROM EXECUTIONSETTING_PARAMETERVALUESJSON WHERE EXECUTIONSETTING_ID=2 AND PARAMETERVALUESJSON='{"type":"configurationValueFileInputGenerator","identifier":"INPUT_FILE","values":[{"type":"defaultFileInputGenerator","inputFile":"/home/lewis/Projects/metanome/backend/WEB-INF/classes/inputData/nyc.csv","setting":{"type":"ConfigurationSettingFileInput","id":17,"type":"ConfigurationSettingFileInput","fileName":"/home/lewis/Projects/metanome/backend/WEB-INF/classes/inputData/nyc.csv","advanced":false,"separatorChar":",","quoteChar":"''","escapeChar":"\\","strictQuotes":false,"ignoreLeadingWhiteSpace":true,"skipLines":0,"header":true,"skipDifferingLines":false,"nullValue":""}}]}'
DELETE FROM EXECUTION WHERE ID=2
DELETE FROM EXECUTIONSETTING WHERE ID=2
COMMIT
/*C3*/DELETE FROM EXECUTION_INPUT WHERE EXECUTION_ID=1 AND INPUT_ID=8
DELETE FROM EXECUTIONSETTING_INPUTSJSON WHERE EXECUTIONSETTING_ID=1 AND INPUTSJSON='{"type":"fileInput","id":8,"name":"/home/lewis/Projects/metanome/backend/WEB-INF/classes/inputData/multiple_files/nested/WDC_astronomical.csv","fileName":"/home/lewis/Projects/metanome/backend/WEB-INF/classes/inputData/multiple_files/nested/WDC_astronomical.csv","separator":",","quoteChar":"\"","escapeChar":"\\","skipLines":0,"strictQuotes":false,"ignoreLeadingWhiteSpace":true,"hasHeader":true,"skipDifferingLines":false,"comment":null,"nullValue":""}'
DELETE FROM EXECUTIONSETTING_PARAMETERVALUESJSON WHERE EXECUTIONSETTING_ID=1 AND PARAMETERVALUESJSON='{"type":"configurationValueFileInputGenerator","identifier":"INPUT_FILE","values":[{"type":"defaultFileInputGenerator","inputFile":"/home/lewis/Projects/metanome/backend/WEB-INF/classes/inputData/multiple_files/nested/WDC_astronomical.csv","setting":{"type":"ConfigurationSettingFileInput","id":8,"type":"ConfigurationSettingFileInput","fileName":"/home/lewis/Projects/metanome/backend/WEB-INF/classes/inputData/multiple_files/nested/WDC_astronomical.csv","advanced":false,"separatorChar":",","quoteChar":"\"","escapeChar":"\\","strictQuotes":false,"ignoreLeadingWhiteSpace":true,"skipLines":0,"header":true,"skipDifferingLines":false,"nullValue":""}}]}'
DELETE FROM EXECUTION WHERE ID=1
DELETE FROM EXECUTIONSETTING WHERE ID=1
COMMIT
/*C7*/DELETE FROM FILEINPUT WHERE ID=17
DELETE FROM INPUT WHERE ID=17
COMMIT
INSERT INTO INPUT VALUES(18,'/home/lewis/Projects/metanome/backend/WEB-INF/classes/inputData/nyc.csv')
INSERT INTO FILEINPUT VALUES('','\','/home/lewis/Projects/metanome/backend/WEB-INF/classes/inputData/nyc.csv',TRUE,TRUE,'','''',',',FALSE,0,FALSE,18)
COMMIT
/*C6*/DELETE FROM FILEINPUT WHERE ID=18
DELETE FROM INPUT WHERE ID=18
COMMIT
/*C5*/INSERT INTO INPUT VALUES(19,'/home/lewis/Projects/metanome/backend/WEB-INF/classes/inputData/nyc.csv')
INSERT INTO FILEINPUT VALUES('','\','/home/lewis/Projects/metanome/backend/WEB-INF/classes/inputData/nyc.csv',TRUE,TRUE,'','''',',',FALSE,0,FALSE,19)
COMMIT
/*C2*/INSERT INTO EXECUTIONSETTING VALUES(4,TRUE,FALSE,'DFD-1.2-SNAPSHOT.jar2025-03-06T134539',FALSE)
INSERT INTO EXECUTIONSETTING_INPUTSJSON VALUES(4,'{"type":"fileInput","id":19,"name":"/home/lewis/Projects/metanome/backend/WEB-INF/classes/inputData/nyc.csv","fileName":"/home/lewis/Projects/metanome/backend/WEB-INF/classes/inputData/nyc.csv","separator":",","quoteChar":"''","escapeChar":"\\","skipLines":0,"strictQuotes":false,"ignoreLeadingWhiteSpace":true,"hasHeader":true,"skipDifferingLines":false,"comment":"","nullValue":""}')
INSERT INTO EXECUTIONSETTING_PARAMETERVALUESJSON VALUES(4,'{"type":"configurationValueFileInputGenerator","identifier":"INPUT_FILE","values":[{"type":"defaultFileInputGenerator","inputFile":"/home/lewis/Projects/metanome/backend/WEB-INF/classes/inputData/nyc.csv","setting":{"type":"ConfigurationSettingFileInput","id":19,"type":"ConfigurationSettingFileInput","fileName":"/home/lewis/Projects/metanome/backend/WEB-INF/classes/inputData/nyc.csv","advanced":false,"separatorChar":",","quoteChar":"''","escapeChar":"\\","strictQuotes":false,"ignoreLeadingWhiteSpace":true,"skipLines":0,"header":true,"skipDifferingLines":false,"nullValue":""}}]}')
COMMIT
/*C11*/SET SCHEMA PUBLIC
alter table execution drop constraint UK_lyajh8vurol2rfuk9e6ju2lu3
alter table execution add constraint UK_lyajh8vurol2rfuk9e6ju2lu3  unique (algorithm, begin)
INSERT INTO EXECUTION VALUES(4,FALSE,1741279542114,NULL,NULL,NULL,0,NULL,'DFD-1.2-SNAPSHOT.jar2025-03-06T134539',TRUE,1,4)
DELETE FROM EXECUTIONSETTING WHERE ID=4
INSERT INTO EXECUTIONSETTING VALUES(4,TRUE,FALSE,'DFD-1.2-SNAPSHOT.jar2025-03-06T134539',FALSE)
INSERT INTO EXECUTION_INPUT VALUES(4,19)
COMMIT
INSERT INTO RESULT VALUES(1,'results/DFD-1.2-SNAPSHOT.jar2025-03-06T134539_fds',1,'Functional Dependency',4)
DELETE FROM EXECUTION WHERE ID=4
INSERT INTO EXECUTION VALUES(4,FALSE,1741279542114,NULL,FALSE,NULL,1741279542257,NULL,'DFD-1.2-SNAPSHOT.jar2025-03-06T134539',FALSE,1,4)
DELETE FROM EXECUTIONSETTING WHERE ID=4
INSERT INTO EXECUTIONSETTING VALUES(4,TRUE,FALSE,'DFD-1.2-SNAPSHOT.jar2025-03-06T134539',FALSE)
COMMIT
DISCONNECT
/*C5*/INSERT INTO INPUT VALUES(20,'/home/lewis/Projects/metanome/backend/WEB-INF/classes/inputData/iris.csv')
INSERT INTO FILEINPUT VALUES('','\','/home/lewis/Projects/metanome/backend/WEB-INF/classes/inputData/iris.csv',FALSE,TRUE,'','''',',',FALSE,0,FALSE,20)
COMMIT
DELETE FROM FILEINPUT WHERE ID=20
DELETE FROM INPUT WHERE ID=20
COMMIT
/*C7*/INSERT INTO INPUT VALUES(21,'/home/lewis/Projects/metanome/backend/WEB-INF/classes/inputData/iris.csv')
INSERT INTO FILEINPUT VALUES('','\','/home/lewis/Projects/metanome/backend/WEB-INF/classes/inputData/iris.csv',FALSE,TRUE,'','''',',',FALSE,0,FALSE,21)
COMMIT
/*C4*/INSERT INTO EXECUTIONSETTING VALUES(5,TRUE,FALSE,'DFD-1.2-SNAPSHOT.jar2025-03-06T134954',FALSE)
INSERT INTO EXECUTIONSETTING_INPUTSJSON VALUES(5,'null')
INSERT INTO EXECUTIONSETTING_PARAMETERVALUESJSON VALUES(5,'{"type":"configurationValueFileInputGenerator","identifier":"INPUT_FILE","values":[{"type":"defaultFileInputGenerator","inputFile":"/home/lewis/Projects/metanome/backend/WEB-INF/classes/inputData/iris.csv","setting":{"type":"ConfigurationSettingFileInput","id":20,"type":"ConfigurationSettingFileInput","fileName":"/home/lewis/Projects/metanome/backend/WEB-INF/classes/inputData/iris.csv","advanced":false,"separatorChar":",","quoteChar":"''","escapeChar":"\\","strictQuotes":false,"ignoreLeadingWhiteSpace":true,"skipLines":0,"header":false,"skipDifferingLines":false,"nullValue":""}}]}')
COMMIT
/*C12*/SET SCHEMA PUBLIC
alter table execution drop constraint UK_lyajh8vurol2rfuk9e6ju2lu3
alter table execution add constraint UK_lyajh8vurol2rfuk9e6ju2lu3  unique (algorithm, begin)
INSERT INTO EXECUTION VALUES(5,FALSE,1741279797327,NULL,NULL,NULL,0,NULL,'DFD-1.2-SNAPSHOT.jar2025-03-06T134954',TRUE,1,5)
DELETE FROM EXECUTIONSETTING WHERE ID=5
INSERT INTO EXECUTIONSETTING VALUES(5,TRUE,FALSE,'DFD-1.2-SNAPSHOT.jar2025-03-06T134954',FALSE)
COMMIT
/*C7*/INSERT INTO ALGORITHM VALUES(2,'aced0005737200116a6176612e7574696c2e48617368536574ba44859596b8b7340300007870770c000000043f400000000000027e72002c64652e6d6574616e6f6d652e6261636b656e642e726573756c74735f64622e416c676f726974686d5479706500000000000000001200007872000e6a6176612e6c616e672e456e756d0000000000000000120000787074001052454c4154494f4e414c5f494e5055547e71007e0002740002464478','Jannik Marten, Jan-Peer Rudolph',FALSE,FALSE,FALSE,FALSE,FALSE,FALSE,'Lattice Traversal-based FD discovery',TRUE,FALSE,'TANE-1.2-SNAPSHOT.jar',FALSE,FALSE,FALSE,'Tane',FALSE,TRUE,FALSE,FALSE)
COMMIT
/*C3*/INSERT INTO EXECUTIONSETTING VALUES(6,TRUE,FALSE,'TANE-1.2-SNAPSHOT.jar2025-03-06T135321',FALSE)
INSERT INTO EXECUTIONSETTING_INPUTSJSON VALUES(6,'{"type":"fileInput","id":21,"name":"/home/lewis/Projects/metanome/backend/WEB-INF/classes/inputData/iris.csv","fileName":"/home/lewis/Projects/metanome/backend/WEB-INF/classes/inputData/iris.csv","separator":",","quoteChar":"''","escapeChar":"\\","skipLines":0,"strictQuotes":false,"ignoreLeadingWhiteSpace":true,"hasHeader":false,"skipDifferingLines":false,"comment":"","nullValue":""}')
INSERT INTO EXECUTIONSETTING_PARAMETERVALUESJSON VALUES(6,'{"type":"configurationValueRelationalInputGenerator","identifier":"Relational Input","values":[{"type":"defaultFileInputGenerator","inputFile":"/home/lewis/Projects/metanome/backend/WEB-INF/classes/inputData/iris.csv","setting":{"type":"ConfigurationSettingFileInput","id":21,"type":"ConfigurationSettingFileInput","fileName":"/home/lewis/Projects/metanome/backend/WEB-INF/classes/inputData/iris.csv","advanced":false,"separatorChar":",","quoteChar":"''","escapeChar":"\\","strictQuotes":false,"ignoreLeadingWhiteSpace":true,"skipLines":0,"header":false,"skipDifferingLines":false,"nullValue":""}}]}')
COMMIT
/*C13*/SET SCHEMA PUBLIC
alter table execution drop constraint UK_lyajh8vurol2rfuk9e6ju2lu3
alter table execution add constraint UK_lyajh8vurol2rfuk9e6ju2lu3  unique (algorithm, begin)
INSERT INTO EXECUTION VALUES(6,FALSE,1741280004407,NULL,NULL,NULL,0,NULL,'TANE-1.2-SNAPSHOT.jar2025-03-06T135321',TRUE,2,6)
DELETE FROM EXECUTIONSETTING WHERE ID=6
INSERT INTO EXECUTIONSETTING VALUES(6,TRUE,FALSE,'TANE-1.2-SNAPSHOT.jar2025-03-06T135321',FALSE)
INSERT INTO EXECUTION_INPUT VALUES(6,21)
COMMIT
INSERT INTO RESULT VALUES(2,'results/TANE-1.2-SNAPSHOT.jar2025-03-06T135321_fds',1,'Functional Dependency',6)
DELETE FROM EXECUTION WHERE ID=6
INSERT INTO EXECUTION VALUES(6,FALSE,1741280004407,NULL,FALSE,NULL,1741280004655,NULL,'TANE-1.2-SNAPSHOT.jar2025-03-06T135321',FALSE,2,6)
DELETE FROM EXECUTIONSETTING WHERE ID=6
INSERT INTO EXECUTIONSETTING VALUES(6,TRUE,FALSE,'TANE-1.2-SNAPSHOT.jar2025-03-06T135321',FALSE)
COMMIT
DISCONNECT
/*C2*/INSERT INTO EXECUTIONSETTING VALUES(7,TRUE,FALSE,'TANE-1.2-SNAPSHOT.jar2025-03-06T160423',FALSE)
INSERT INTO EXECUTIONSETTING_INPUTSJSON VALUES(7,'{"type":"fileInput","id":19,"name":"/home/lewis/Projects/metanome/backend/WEB-INF/classes/inputData/nyc.csv","fileName":"/home/lewis/Projects/metanome/backend/WEB-INF/classes/inputData/nyc.csv","separator":",","quoteChar":"''","escapeChar":"\\","skipLines":0,"strictQuotes":false,"ignoreLeadingWhiteSpace":true,"hasHeader":true,"skipDifferingLines":false,"comment":"","nullValue":""}')
INSERT INTO EXECUTIONSETTING_PARAMETERVALUESJSON VALUES(7,'{"type":"configurationValueRelationalInputGenerator","identifier":"Relational Input","values":[{"type":"defaultFileInputGenerator","inputFile":"/home/lewis/Projects/metanome/backend/WEB-INF/classes/inputData/nyc.csv","setting":{"type":"ConfigurationSettingFileInput","id":19,"type":"ConfigurationSettingFileInput","fileName":"/home/lewis/Projects/metanome/backend/WEB-INF/classes/inputData/nyc.csv","advanced":false,"separatorChar":",","quoteChar":"''","escapeChar":"\\","strictQuotes":false,"ignoreLeadingWhiteSpace":true,"skipLines":0,"header":true,"skipDifferingLines":false,"nullValue":""}}]}')
COMMIT
/*C14*/SET SCHEMA PUBLIC
alter table execution drop constraint UK_lyajh8vurol2rfuk9e6ju2lu3
alter table execution add constraint UK_lyajh8vurol2rfuk9e6ju2lu3  unique (algorithm, begin)
INSERT INTO EXECUTION VALUES(7,FALSE,1741287866355,NULL,NULL,NULL,0,NULL,'TANE-1.2-SNAPSHOT.jar2025-03-06T160423',TRUE,2,7)
DELETE FROM EXECUTIONSETTING WHERE ID=7
INSERT INTO EXECUTIONSETTING VALUES(7,TRUE,FALSE,'TANE-1.2-SNAPSHOT.jar2025-03-06T160423',FALSE)
INSERT INTO EXECUTION_INPUT VALUES(7,19)
COMMIT
DELETE FROM EXECUTION WHERE ID=7
INSERT INTO EXECUTION VALUES(7,TRUE,1741287866355,NULL,NULL,NULL,0,NULL,'TANE-1.2-SNAPSHOT.jar2025-03-06T160423',FALSE,2,7)
DELETE FROM EXECUTIONSETTING WHERE ID=7
INSERT INTO EXECUTIONSETTING VALUES(7,TRUE,FALSE,'TANE-1.2-SNAPSHOT.jar2025-03-06T160423',FALSE)
COMMIT
DISCONNECT
/*C12*/DISCONNECT
/*C2*/DELETE FROM EXECUTION WHERE ID=5
INSERT INTO EXECUTION VALUES(5,TRUE,1741279797327,NULL,NULL,NULL,0,NULL,'DFD-1.2-SNAPSHOT.jar2025-03-06T134954',FALSE,1,5)
DELETE FROM EXECUTIONSETTING WHERE ID=5
INSERT INTO EXECUTIONSETTING VALUES(5,TRUE,FALSE,'DFD-1.2-SNAPSHOT.jar2025-03-06T134954',FALSE)
COMMIT
DISCONNECT
/*C3*/DISCONNECT
/*C4*/DISCONNECT
/*C5*/DISCONNECT
/*C6*/DISCONNECT
/*C7*/DISCONNECT
